2023-09-25 15:17:03,647 INFO    StreamThr :24184 [internal.py:wandb_internal():86] W&B internal server running at pid: 24184, started at: 2023-09-25 15:17:03.645545
2023-09-25 15:17:03,651 DEBUG   HandlerThread:24184 [handler.py:handle_request():144] handle_request: status
2023-09-25 15:17:03,664 INFO    WriterThread:24184 [datastore.py:open_for_write():85] open: c:\Users\calle\Desktop\Bachelor\robust-rl\cliff_car\wandb\run-20230925_151703-z1q3pbbb\run-z1q3pbbb.wandb
2023-09-25 15:17:03,676 DEBUG   SenderThread:24184 [sender.py:send():380] send: header
2023-09-25 15:17:03,764 DEBUG   SenderThread:24184 [sender.py:send():380] send: run
2023-09-25 15:17:07,162 INFO    SenderThread:24184 [retry.py:__call__():172] Retry attempt failed:
Traceback (most recent call last):
  File "C:\Users\calle\anaconda3\envs\bachelor\lib\site-packages\urllib3\connection.py", line 203, in _new_conn
    sock = connection.create_connection(
  File "C:\Users\calle\anaconda3\envs\bachelor\lib\site-packages\urllib3\util\connection.py", line 60, in create_connection
    for res in socket.getaddrinfo(host, port, family, socket.SOCK_STREAM):
  File "C:\Users\calle\anaconda3\envs\bachelor\lib\socket.py", line 955, in getaddrinfo
    for res in _socket.getaddrinfo(host, port, family, type, proto, flags):
socket.gaierror: [Errno 11001] getaddrinfo failed

The above exception was the direct cause of the following exception:

Traceback (most recent call last):
  File "C:\Users\calle\anaconda3\envs\bachelor\lib\site-packages\urllib3\connectionpool.py", line 790, in urlopen
    response = self._make_request(
  File "C:\Users\calle\anaconda3\envs\bachelor\lib\site-packages\urllib3\connectionpool.py", line 491, in _make_request
    raise new_e
  File "C:\Users\calle\anaconda3\envs\bachelor\lib\site-packages\urllib3\connectionpool.py", line 467, in _make_request
    self._validate_conn(conn)
  File "C:\Users\calle\anaconda3\envs\bachelor\lib\site-packages\urllib3\connectionpool.py", line 1092, in _validate_conn
    conn.connect()
  File "C:\Users\calle\anaconda3\envs\bachelor\lib\site-packages\urllib3\connection.py", line 611, in connect
    self.sock = sock = self._new_conn()
  File "C:\Users\calle\anaconda3\envs\bachelor\lib\site-packages\urllib3\connection.py", line 210, in _new_conn
    raise NameResolutionError(self.host, self, e) from e
urllib3.exceptions.NameResolutionError: <urllib3.connection.HTTPSConnection object at 0x000001A6BEC8CAC0>: Failed to resolve 'api.wandb.ai' ([Errno 11001] getaddrinfo failed)

The above exception was the direct cause of the following exception:

Traceback (most recent call last):
  File "C:\Users\calle\anaconda3\envs\bachelor\lib\site-packages\requests\adapters.py", line 486, in send
    resp = conn.urlopen(
  File "C:\Users\calle\anaconda3\envs\bachelor\lib\site-packages\urllib3\connectionpool.py", line 844, in urlopen
    retries = retries.increment(
  File "C:\Users\calle\anaconda3\envs\bachelor\lib\site-packages\urllib3\util\retry.py", line 515, in increment
    raise MaxRetryError(_pool, url, reason) from reason  # type: ignore[arg-type]
urllib3.exceptions.MaxRetryError: HTTPSConnectionPool(host='api.wandb.ai', port=443): Max retries exceeded with url: /graphql (Caused by NameResolutionError("<urllib3.connection.HTTPSConnection object at 0x000001A6BEC8CAC0>: Failed to resolve 'api.wandb.ai' ([Errno 11001] getaddrinfo failed)"))

During handling of the above exception, another exception occurred:

Traceback (most recent call last):
  File "C:\Users\calle\anaconda3\envs\bachelor\lib\site-packages\wandb\sdk\lib\retry.py", line 131, in __call__
    result = self._call_fn(*args, **kwargs)
  File "C:\Users\calle\anaconda3\envs\bachelor\lib\site-packages\wandb\sdk\internal\internal_api.py", line 366, in execute
    return self.client.execute(*args, **kwargs)  # type: ignore
  File "C:\Users\calle\anaconda3\envs\bachelor\lib\site-packages\wandb\vendor\gql-0.2.0\wandb_gql\client.py", line 52, in execute
    result = self._get_result(document, *args, **kwargs)
  File "C:\Users\calle\anaconda3\envs\bachelor\lib\site-packages\wandb\vendor\gql-0.2.0\wandb_gql\client.py", line 60, in _get_result
    return self.transport.execute(document, *args, **kwargs)
  File "C:\Users\calle\anaconda3\envs\bachelor\lib\site-packages\wandb\sdk\lib\gql_request.py", line 58, in execute
    request = self.session.post(self.url, **post_args)
  File "C:\Users\calle\anaconda3\envs\bachelor\lib\site-packages\requests\sessions.py", line 637, in post
    return self.request("POST", url, data=data, json=json, **kwargs)
  File "C:\Users\calle\anaconda3\envs\bachelor\lib\site-packages\requests\sessions.py", line 589, in request
    resp = self.send(prep, **send_kwargs)
  File "C:\Users\calle\anaconda3\envs\bachelor\lib\site-packages\requests\sessions.py", line 703, in send
    r = adapter.send(request, **kwargs)
  File "C:\Users\calle\anaconda3\envs\bachelor\lib\site-packages\requests\adapters.py", line 519, in send
    raise ConnectionError(e, request=request)
requests.exceptions.ConnectionError: HTTPSConnectionPool(host='api.wandb.ai', port=443): Max retries exceeded with url: /graphql (Caused by NameResolutionError("<urllib3.connection.HTTPSConnection object at 0x000001A6BEC8CAC0>: Failed to resolve 'api.wandb.ai' ([Errno 11001] getaddrinfo failed)"))
2023-09-25 15:17:08,816 DEBUG   HandlerThread:24184 [handler.py:handle_request():144] handle_request: keepalive
2023-09-25 15:17:13,878 DEBUG   HandlerThread:24184 [handler.py:handle_request():144] handle_request: keepalive
2023-09-25 15:17:18,954 DEBUG   HandlerThread:24184 [handler.py:handle_request():144] handle_request: keepalive
2023-09-25 15:17:21,959 DEBUG   HandlerThread:24184 [handler.py:handle_request():144] handle_request: check_version
2023-09-25 15:17:21,994 INFO    SenderThread:24184 [dir_watcher.py:__init__():211] watching files in: c:\Users\calle\Desktop\Bachelor\robust-rl\cliff_car\wandb\run-20230925_151703-z1q3pbbb\files
2023-09-25 15:17:21,994 INFO    SenderThread:24184 [sender.py:_start_run_threads():1122] run started: z1q3pbbb with start time 1695647823.649562
2023-09-25 15:17:21,996 DEBUG   SenderThread:24184 [sender.py:send_request():407] send_request: check_version
2023-09-25 15:17:21,996 DEBUG   HandlerThread:24184 [handler.py:handle_request():144] handle_request: status_report
2023-09-25 15:17:22,988 DEBUG   HandlerThread:24184 [handler.py:handle_request():144] handle_request: run_start
2023-09-25 15:17:23,118 DEBUG   HandlerThread:24184 [system_info.py:__init__():32] System info init
2023-09-25 15:17:23,118 DEBUG   HandlerThread:24184 [system_info.py:__init__():47] System info init done
2023-09-25 15:17:23,118 INFO    HandlerThread:24184 [system_monitor.py:start():181] Starting system monitor
2023-09-25 15:17:23,150 INFO    SystemMonitor:24184 [system_monitor.py:_start():145] Starting system asset monitoring threads
2023-09-25 15:17:23,151 INFO    HandlerThread:24184 [system_monitor.py:probe():201] Collecting system info
2023-09-25 15:17:23,152 DEBUG   HandlerThread:24184 [system_info.py:probe():196] Probing system
2023-09-25 15:17:23,157 DEBUG   HandlerThread:24184 [system_info.py:_probe_git():181] Probing git
2023-09-25 15:17:23,190 INFO    SystemMonitor:24184 [interfaces.py:start():190] Started cpu monitoring
2023-09-25 15:17:23,192 INFO    SystemMonitor:24184 [interfaces.py:start():190] Started disk monitoring
2023-09-25 15:17:23,194 INFO    SystemMonitor:24184 [interfaces.py:start():190] Started memory monitoring
2023-09-25 15:17:23,240 INFO    SystemMonitor:24184 [interfaces.py:start():190] Started network monitoring
2023-09-25 15:17:23,658 DEBUG   HandlerThread:24184 [system_info.py:_probe_git():189] Probing git done
2023-09-25 15:17:23,658 DEBUG   HandlerThread:24184 [system_info.py:probe():244] Probing system done
2023-09-25 15:17:23,659 DEBUG   HandlerThread:24184 [system_monitor.py:probe():210] {'os': 'Windows-10-10.0.22621-SP0', 'python': '3.10.9', 'heartbeatAt': '2023-09-25T13:17:23.153538', 'startedAt': '2023-09-25T13:17:03.620508', 'docker': None, 'cuda': None, 'args': (), 'state': 'running', 'program': 'c:\\Users\\calle\\Desktop\\Bachelor\\robust-rl\\cliff_car\\cliff_car_experiments.py', 'codePathLocal': 'cliff_car_experiments.py', 'codePath': 'cliff_car\\cliff_car_experiments.py', 'git': {'remote': 'https://github.com/TheGoldenChicken/robust-rl.git', 'commit': '1f7d29ba2a632cb08769a5260b961e5cd3a2dd7c'}, 'email': 'calle@rygecarlsen.dk', 'root': 'C:/Users/calle/Desktop/Bachelor/robust-rl', 'host': 'LAPTOP-VRL4VCN4', 'username': 'calle', 'executable': 'C:\\Users\\calle\\anaconda3\\envs\\bachelor\\python.exe', 'cpu_count': 8, 'cpu_count_logical': 8, 'cpu_freq': {'current': 1400.0, 'min': 0.0, 'max': 2000.0}, 'cpu_freq_per_core': [{'current': 1400.0, 'min': 0.0, 'max': 2000.0}], 'disk': {'/': {'total': 475.69237899780273, 'used': 436.90816497802734}}, 'memory': {'total': 15.372367858886719}}
2023-09-25 15:17:23,659 INFO    HandlerThread:24184 [system_monitor.py:probe():211] Finished collecting system info
2023-09-25 15:17:23,659 INFO    HandlerThread:24184 [system_monitor.py:probe():214] Publishing system info
2023-09-25 15:17:23,659 DEBUG   HandlerThread:24184 [system_info.py:_save_pip():52] Saving list of pip packages installed into the current environment
2023-09-25 15:17:23,661 DEBUG   HandlerThread:24184 [system_info.py:_save_pip():68] Saving pip packages done
2023-09-25 15:17:23,661 DEBUG   HandlerThread:24184 [system_info.py:_save_conda():75] Saving list of conda packages installed into the current environment
2023-09-25 15:17:23,672 ERROR   HandlerThread:24184 [system_info.py:_save_conda():86] Error saving conda packages: [WinError 2] Den angivne fil blev ikke fundet
Traceback (most recent call last):
  File "C:\Users\calle\anaconda3\envs\bachelor\lib\site-packages\wandb\sdk\internal\system\system_info.py", line 82, in _save_conda
    subprocess.call(
  File "C:\Users\calle\anaconda3\envs\bachelor\lib\subprocess.py", line 345, in call
    with Popen(*popenargs, **kwargs) as p:
  File "C:\Users\calle\anaconda3\envs\bachelor\lib\subprocess.py", line 971, in __init__
    self._execute_child(args, executable, preexec_fn, close_fds,
  File "C:\Users\calle\anaconda3\envs\bachelor\lib\subprocess.py", line 1440, in _execute_child
    hp, ht, pid, tid = _winapi.CreateProcess(executable, args,
FileNotFoundError: [WinError 2] Den angivne fil blev ikke fundet
2023-09-25 15:17:23,677 DEBUG   HandlerThread:24184 [system_info.py:_save_conda():87] Saving conda packages done
2023-09-25 15:17:23,680 INFO    HandlerThread:24184 [system_monitor.py:probe():216] Finished publishing system info
2023-09-25 15:17:23,721 DEBUG   SenderThread:24184 [sender.py:send():380] send: files
2023-09-25 15:17:23,721 INFO    SenderThread:24184 [sender.py:_save_file():1378] saving file wandb-metadata.json with policy now
2023-09-25 15:17:23,774 DEBUG   HandlerThread:24184 [handler.py:handle_request():144] handle_request: stop_status
2023-09-25 15:17:23,775 DEBUG   SenderThread:24184 [sender.py:send_request():407] send_request: stop_status
2023-09-25 15:17:23,793 DEBUG   HandlerThread:24184 [handler.py:handle_request():144] handle_request: internal_messages
2023-09-25 15:17:23,807 DEBUG   HandlerThread:24184 [handler.py:handle_request():144] handle_request: partial_history
2023-09-25 15:17:24,137 INFO    Thread-16 :24184 [dir_watcher.py:_on_file_created():271] file/dir created: c:\Users\calle\Desktop\Bachelor\robust-rl\cliff_car\wandb\run-20230925_151703-z1q3pbbb\files\conda-environment.yaml
2023-09-25 15:17:24,138 INFO    Thread-16 :24184 [dir_watcher.py:_on_file_created():271] file/dir created: c:\Users\calle\Desktop\Bachelor\robust-rl\cliff_car\wandb\run-20230925_151703-z1q3pbbb\files\requirements.txt
2023-09-25 15:17:24,138 INFO    Thread-16 :24184 [dir_watcher.py:_on_file_created():271] file/dir created: c:\Users\calle\Desktop\Bachelor\robust-rl\cliff_car\wandb\run-20230925_151703-z1q3pbbb\files\wandb-metadata.json
2023-09-25 15:17:24,213 DEBUG   SenderThread:24184 [sender.py:send():380] send: telemetry
2023-09-25 15:17:24,227 DEBUG   SenderThread:24184 [sender.py:send():380] send: history
2023-09-25 15:17:24,228 DEBUG   SenderThread:24184 [sender.py:send_request():407] send_request: summary_record
2023-09-25 15:17:24,232 INFO    SenderThread:24184 [sender.py:_save_file():1378] saving file wandb-summary.json with policy end
2023-09-25 15:17:25,068 DEBUG   HandlerThread:24184 [handler.py:handle_request():144] handle_request: partial_history
2023-09-25 15:17:25,069 DEBUG   HandlerThread:24184 [handler.py:handle_request():144] handle_request: partial_history
2023-09-25 15:17:25,072 DEBUG   HandlerThread:24184 [handler.py:handle_request():144] handle_request: partial_history
2023-09-25 15:17:25,072 DEBUG   SenderThread:24184 [sender.py:send():380] send: history
2023-09-25 15:17:25,076 DEBUG   SenderThread:24184 [sender.py:send_request():407] send_request: summary_record
2023-09-25 15:17:25,080 INFO    SenderThread:24184 [sender.py:_save_file():1378] saving file wandb-summary.json with policy end
2023-09-25 15:17:25,082 DEBUG   SenderThread:24184 [sender.py:send():380] send: history
2023-09-25 15:17:25,082 DEBUG   SenderThread:24184 [sender.py:send_request():407] send_request: summary_record
2023-09-25 15:17:25,084 INFO    SenderThread:24184 [sender.py:_save_file():1378] saving file wandb-summary.json with policy end
2023-09-25 15:17:25,085 DEBUG   SenderThread:24184 [sender.py:send():380] send: history
2023-09-25 15:17:25,086 DEBUG   SenderThread:24184 [sender.py:send_request():407] send_request: summary_record
2023-09-25 15:17:25,087 INFO    SenderThread:24184 [sender.py:_save_file():1378] saving file wandb-summary.json with policy end
2023-09-25 15:17:25,148 INFO    Thread-16 :24184 [dir_watcher.py:_on_file_created():271] file/dir created: c:\Users\calle\Desktop\Bachelor\robust-rl\cliff_car\wandb\run-20230925_151703-z1q3pbbb\files\output.log
2023-09-25 15:17:25,149 INFO    Thread-16 :24184 [dir_watcher.py:_on_file_created():271] file/dir created: c:\Users\calle\Desktop\Bachelor\robust-rl\cliff_car\wandb\run-20230925_151703-z1q3pbbb\files\wandb-summary.json
2023-09-25 15:17:25,533 INFO    wandb-upload_0:24184 [upload_job.py:push():131] Uploaded file C:\Users\calle\AppData\Local\Temp\tmpyccqr_iewandb\lg4uys7j-wandb-metadata.json
2023-09-25 15:17:25,740 DEBUG   HandlerThread:24184 [handler.py:handle_request():144] handle_request: partial_history
2023-09-25 15:17:25,743 DEBUG   HandlerThread:24184 [handler.py:handle_request():144] handle_request: partial_history
2023-09-25 15:17:25,743 DEBUG   SenderThread:24184 [sender.py:send():380] send: history
2023-09-25 15:17:25,744 DEBUG   HandlerThread:24184 [handler.py:handle_request():144] handle_request: partial_history
2023-09-25 15:17:25,747 DEBUG   SenderThread:24184 [sender.py:send_request():407] send_request: summary_record
2023-09-25 15:17:25,750 INFO    SenderThread:24184 [sender.py:_save_file():1378] saving file wandb-summary.json with policy end
2023-09-25 15:17:25,752 DEBUG   SenderThread:24184 [sender.py:send():380] send: history
2023-09-25 15:17:25,752 DEBUG   SenderThread:24184 [sender.py:send_request():407] send_request: summary_record
2023-09-25 15:17:25,754 INFO    SenderThread:24184 [sender.py:_save_file():1378] saving file wandb-summary.json with policy end
2023-09-25 15:17:25,756 DEBUG   SenderThread:24184 [sender.py:send():380] send: history
2023-09-25 15:17:25,757 DEBUG   SenderThread:24184 [sender.py:send_request():407] send_request: summary_record
2023-09-25 15:17:25,759 INFO    SenderThread:24184 [sender.py:_save_file():1378] saving file wandb-summary.json with policy end
2023-09-25 15:17:26,188 INFO    Thread-16 :24184 [dir_watcher.py:_on_file_modified():288] file/dir modified: c:\Users\calle\Desktop\Bachelor\robust-rl\cliff_car\wandb\run-20230925_151703-z1q3pbbb\files\wandb-summary.json
2023-09-25 15:17:26,555 DEBUG   HandlerThread:24184 [handler.py:handle_request():144] handle_request: partial_history
2023-09-25 15:17:26,556 DEBUG   HandlerThread:24184 [handler.py:handle_request():144] handle_request: partial_history
2023-09-25 15:17:26,558 DEBUG   HandlerThread:24184 [handler.py:handle_request():144] handle_request: partial_history
2023-09-25 15:17:26,559 DEBUG   SenderThread:24184 [sender.py:send():380] send: history
2023-09-25 15:17:26,562 DEBUG   SenderThread:24184 [sender.py:send_request():407] send_request: summary_record
2023-09-25 15:17:26,565 INFO    SenderThread:24184 [sender.py:_save_file():1378] saving file wandb-summary.json with policy end
2023-09-25 15:17:26,566 DEBUG   SenderThread:24184 [sender.py:send():380] send: history
2023-09-25 15:17:26,567 DEBUG   SenderThread:24184 [sender.py:send_request():407] send_request: summary_record
2023-09-25 15:17:26,569 INFO    SenderThread:24184 [sender.py:_save_file():1378] saving file wandb-summary.json with policy end
2023-09-25 15:17:26,570 DEBUG   SenderThread:24184 [sender.py:send():380] send: history
2023-09-25 15:17:26,571 DEBUG   SenderThread:24184 [sender.py:send_request():407] send_request: summary_record
2023-09-25 15:17:26,573 INFO    SenderThread:24184 [sender.py:_save_file():1378] saving file wandb-summary.json with policy end
2023-09-25 15:17:27,081 DEBUG   HandlerThread:24184 [handler.py:handle_request():144] handle_request: partial_history
2023-09-25 15:17:27,082 DEBUG   HandlerThread:24184 [handler.py:handle_request():144] handle_request: partial_history
2023-09-25 15:17:27,083 DEBUG   HandlerThread:24184 [handler.py:handle_request():144] handle_request: partial_history
2023-09-25 15:17:27,084 DEBUG   SenderThread:24184 [sender.py:send():380] send: history
2023-09-25 15:17:27,087 DEBUG   SenderThread:24184 [sender.py:send_request():407] send_request: summary_record
2023-09-25 15:17:27,087 DEBUG   HandlerThread:24184 [handler.py:handle_request():144] handle_request: status_report
2023-09-25 15:17:27,089 INFO    SenderThread:24184 [sender.py:_save_file():1378] saving file wandb-summary.json with policy end
2023-09-25 15:17:27,091 DEBUG   SenderThread:24184 [sender.py:send():380] send: history
2023-09-25 15:17:27,091 DEBUG   SenderThread:24184 [sender.py:send_request():407] send_request: summary_record
2023-09-25 15:17:27,095 INFO    SenderThread:24184 [sender.py:_save_file():1378] saving file wandb-summary.json with policy end
2023-09-25 15:17:27,097 DEBUG   SenderThread:24184 [sender.py:send():380] send: history
2023-09-25 15:17:27,097 DEBUG   SenderThread:24184 [sender.py:send_request():407] send_request: summary_record
2023-09-25 15:17:27,100 INFO    SenderThread:24184 [sender.py:_save_file():1378] saving file wandb-summary.json with policy end
2023-09-25 15:17:27,197 INFO    Thread-16 :24184 [dir_watcher.py:_on_file_modified():288] file/dir modified: c:\Users\calle\Desktop\Bachelor\robust-rl\cliff_car\wandb\run-20230925_151703-z1q3pbbb\files\output.log
2023-09-25 15:17:27,199 INFO    Thread-16 :24184 [dir_watcher.py:_on_file_modified():288] file/dir modified: c:\Users\calle\Desktop\Bachelor\robust-rl\cliff_car\wandb\run-20230925_151703-z1q3pbbb\files\wandb-summary.json
2023-09-25 15:17:27,846 DEBUG   HandlerThread:24184 [handler.py:handle_request():144] handle_request: partial_history
2023-09-25 15:17:27,847 DEBUG   HandlerThread:24184 [handler.py:handle_request():144] handle_request: partial_history
2023-09-25 15:17:27,848 DEBUG   HandlerThread:24184 [handler.py:handle_request():144] handle_request: partial_history
2023-09-25 15:17:27,849 DEBUG   SenderThread:24184 [sender.py:send():380] send: history
2023-09-25 15:17:27,850 DEBUG   HandlerThread:24184 [handler.py:handle_request():144] handle_request: partial_history
2023-09-25 15:17:27,852 DEBUG   SenderThread:24184 [sender.py:send_request():407] send_request: summary_record
2023-09-25 15:17:27,855 INFO    SenderThread:24184 [sender.py:_save_file():1378] saving file wandb-summary.json with policy end
2023-09-25 15:17:27,856 DEBUG   SenderThread:24184 [sender.py:send():380] send: history
2023-09-25 15:17:27,857 DEBUG   SenderThread:24184 [sender.py:send_request():407] send_request: summary_record
2023-09-25 15:17:27,861 INFO    SenderThread:24184 [sender.py:_save_file():1378] saving file wandb-summary.json with policy end
2023-09-25 15:17:27,862 DEBUG   SenderThread:24184 [sender.py:send():380] send: history
2023-09-25 15:17:27,862 DEBUG   SenderThread:24184 [sender.py:send_request():407] send_request: summary_record
2023-09-25 15:17:27,864 INFO    SenderThread:24184 [sender.py:_save_file():1378] saving file wandb-summary.json with policy end
2023-09-25 15:17:27,866 DEBUG   SenderThread:24184 [sender.py:send():380] send: history
2023-09-25 15:17:27,867 DEBUG   SenderThread:24184 [sender.py:send_request():407] send_request: summary_record
2023-09-25 15:17:27,868 INFO    SenderThread:24184 [sender.py:_save_file():1378] saving file wandb-summary.json with policy end
2023-09-25 15:17:28,201 INFO    Thread-16 :24184 [dir_watcher.py:_on_file_modified():288] file/dir modified: c:\Users\calle\Desktop\Bachelor\robust-rl\cliff_car\wandb\run-20230925_151703-z1q3pbbb\files\wandb-summary.json
2023-09-25 15:17:28,460 DEBUG   HandlerThread:24184 [handler.py:handle_request():144] handle_request: partial_history
2023-09-25 15:17:28,462 DEBUG   HandlerThread:24184 [handler.py:handle_request():144] handle_request: partial_history
2023-09-25 15:17:28,464 DEBUG   HandlerThread:24184 [handler.py:handle_request():144] handle_request: partial_history
2023-09-25 15:17:28,465 DEBUG   SenderThread:24184 [sender.py:send():380] send: history
2023-09-25 15:17:28,467 DEBUG   SenderThread:24184 [sender.py:send_request():407] send_request: summary_record
2023-09-25 15:17:28,468 INFO    SenderThread:24184 [sender.py:_save_file():1378] saving file wandb-summary.json with policy end
2023-09-25 15:17:28,470 DEBUG   SenderThread:24184 [sender.py:send():380] send: history
2023-09-25 15:17:28,470 DEBUG   SenderThread:24184 [sender.py:send_request():407] send_request: summary_record
2023-09-25 15:17:28,472 INFO    SenderThread:24184 [sender.py:_save_file():1378] saving file wandb-summary.json with policy end
2023-09-25 15:17:28,474 DEBUG   SenderThread:24184 [sender.py:send():380] send: history
2023-09-25 15:17:28,474 DEBUG   SenderThread:24184 [sender.py:send_request():407] send_request: summary_record
2023-09-25 15:17:28,477 INFO    SenderThread:24184 [sender.py:_save_file():1378] saving file wandb-summary.json with policy end
2023-09-25 15:17:28,974 DEBUG   HandlerThread:24184 [handler.py:handle_request():144] handle_request: partial_history
2023-09-25 15:17:28,977 DEBUG   SenderThread:24184 [sender.py:send():380] send: history
2023-09-25 15:17:28,977 DEBUG   HandlerThread:24184 [handler.py:handle_request():144] handle_request: partial_history
2023-09-25 15:17:28,978 DEBUG   SenderThread:24184 [sender.py:send_request():407] send_request: summary_record
2023-09-25 15:17:28,979 DEBUG   HandlerThread:24184 [handler.py:handle_request():144] handle_request: partial_history
2023-09-25 15:17:28,985 INFO    SenderThread:24184 [sender.py:_save_file():1378] saving file wandb-summary.json with policy end
2023-09-25 15:17:28,985 DEBUG   SenderThread:24184 [sender.py:send():380] send: history
2023-09-25 15:17:28,985 DEBUG   SenderThread:24184 [sender.py:send_request():407] send_request: summary_record
2023-09-25 15:17:28,985 INFO    SenderThread:24184 [sender.py:_save_file():1378] saving file wandb-summary.json with policy end
2023-09-25 15:17:28,989 DEBUG   SenderThread:24184 [sender.py:send():380] send: history
2023-09-25 15:17:28,992 DEBUG   SenderThread:24184 [sender.py:send_request():407] send_request: summary_record
2023-09-25 15:17:28,994 INFO    SenderThread:24184 [sender.py:_save_file():1378] saving file wandb-summary.json with policy end
2023-09-25 15:17:29,205 INFO    Thread-16 :24184 [dir_watcher.py:_on_file_modified():288] file/dir modified: c:\Users\calle\Desktop\Bachelor\robust-rl\cliff_car\wandb\run-20230925_151703-z1q3pbbb\files\output.log
2023-09-25 15:17:29,206 INFO    Thread-16 :24184 [dir_watcher.py:_on_file_modified():288] file/dir modified: c:\Users\calle\Desktop\Bachelor\robust-rl\cliff_car\wandb\run-20230925_151703-z1q3pbbb\files\wandb-summary.json
2023-09-25 15:17:29,388 DEBUG   HandlerThread:24184 [handler.py:handle_request():144] handle_request: partial_history
2023-09-25 15:17:29,389 DEBUG   HandlerThread:24184 [handler.py:handle_request():144] handle_request: partial_history
2023-09-25 15:17:29,391 DEBUG   HandlerThread:24184 [handler.py:handle_request():144] handle_request: partial_history
2023-09-25 15:17:29,394 DEBUG   SenderThread:24184 [sender.py:send():380] send: history
2023-09-25 15:17:29,395 DEBUG   SenderThread:24184 [sender.py:send_request():407] send_request: summary_record
2023-09-25 15:17:29,397 INFO    SenderThread:24184 [sender.py:_save_file():1378] saving file wandb-summary.json with policy end
2023-09-25 15:17:29,398 DEBUG   SenderThread:24184 [sender.py:send():380] send: history
2023-09-25 15:17:29,398 DEBUG   SenderThread:24184 [sender.py:send_request():407] send_request: summary_record
2023-09-25 15:17:29,400 INFO    SenderThread:24184 [sender.py:_save_file():1378] saving file wandb-summary.json with policy end
2023-09-25 15:17:29,402 DEBUG   SenderThread:24184 [sender.py:send():380] send: history
2023-09-25 15:17:29,403 DEBUG   SenderThread:24184 [sender.py:send_request():407] send_request: summary_record
2023-09-25 15:17:29,404 INFO    SenderThread:24184 [sender.py:_save_file():1378] saving file wandb-summary.json with policy end
2023-09-25 15:17:29,896 DEBUG   HandlerThread:24184 [handler.py:handle_request():144] handle_request: partial_history
2023-09-25 15:17:29,898 DEBUG   HandlerThread:24184 [handler.py:handle_request():144] handle_request: partial_history
2023-09-25 15:17:29,899 DEBUG   HandlerThread:24184 [handler.py:handle_request():144] handle_request: partial_history
2023-09-25 15:17:29,900 DEBUG   SenderThread:24184 [sender.py:send():380] send: history
2023-09-25 15:17:29,903 DEBUG   SenderThread:24184 [sender.py:send_request():407] send_request: summary_record
2023-09-25 15:17:29,905 INFO    SenderThread:24184 [sender.py:_save_file():1378] saving file wandb-summary.json with policy end
2023-09-25 15:17:29,906 DEBUG   SenderThread:24184 [sender.py:send():380] send: history
2023-09-25 15:17:29,908 DEBUG   SenderThread:24184 [sender.py:send_request():407] send_request: summary_record
2023-09-25 15:17:29,910 INFO    SenderThread:24184 [sender.py:_save_file():1378] saving file wandb-summary.json with policy end
2023-09-25 15:17:29,911 DEBUG   SenderThread:24184 [sender.py:send():380] send: history
2023-09-25 15:17:29,912 DEBUG   SenderThread:24184 [sender.py:send_request():407] send_request: summary_record
2023-09-25 15:17:29,913 INFO    SenderThread:24184 [sender.py:_save_file():1378] saving file wandb-summary.json with policy end
2023-09-25 15:17:30,210 INFO    Thread-16 :24184 [dir_watcher.py:_on_file_modified():288] file/dir modified: c:\Users\calle\Desktop\Bachelor\robust-rl\cliff_car\wandb\run-20230925_151703-z1q3pbbb\files\wandb-summary.json
2023-09-25 15:17:30,354 DEBUG   HandlerThread:24184 [handler.py:handle_request():144] handle_request: partial_history
2023-09-25 15:17:30,355 DEBUG   HandlerThread:24184 [handler.py:handle_request():144] handle_request: partial_history
2023-09-25 15:17:30,357 DEBUG   SenderThread:24184 [sender.py:send():380] send: history
2023-09-25 15:17:30,358 DEBUG   HandlerThread:24184 [handler.py:handle_request():144] handle_request: partial_history
2023-09-25 15:17:30,359 DEBUG   SenderThread:24184 [sender.py:send_request():407] send_request: summary_record
2023-09-25 15:17:30,363 INFO    SenderThread:24184 [sender.py:_save_file():1378] saving file wandb-summary.json with policy end
2023-09-25 15:17:30,364 DEBUG   SenderThread:24184 [sender.py:send():380] send: history
2023-09-25 15:17:30,364 DEBUG   SenderThread:24184 [sender.py:send_request():407] send_request: summary_record
2023-09-25 15:17:30,366 INFO    SenderThread:24184 [sender.py:_save_file():1378] saving file wandb-summary.json with policy end
2023-09-25 15:17:30,367 DEBUG   SenderThread:24184 [sender.py:send():380] send: history
2023-09-25 15:17:30,367 DEBUG   SenderThread:24184 [sender.py:send_request():407] send_request: summary_record
2023-09-25 15:17:30,369 INFO    SenderThread:24184 [sender.py:_save_file():1378] saving file wandb-summary.json with policy end
2023-09-25 15:17:30,800 DEBUG   HandlerThread:24184 [handler.py:handle_request():144] handle_request: partial_history
2023-09-25 15:17:30,801 DEBUG   HandlerThread:24184 [handler.py:handle_request():144] handle_request: partial_history
2023-09-25 15:17:30,802 DEBUG   HandlerThread:24184 [handler.py:handle_request():144] handle_request: partial_history
2023-09-25 15:17:30,804 DEBUG   SenderThread:24184 [sender.py:send():380] send: history
2023-09-25 15:17:30,805 DEBUG   SenderThread:24184 [sender.py:send_request():407] send_request: summary_record
2023-09-25 15:17:30,808 INFO    SenderThread:24184 [sender.py:_save_file():1378] saving file wandb-summary.json with policy end
2023-09-25 15:17:30,810 DEBUG   SenderThread:24184 [sender.py:send():380] send: history
2023-09-25 15:17:30,810 DEBUG   SenderThread:24184 [sender.py:send_request():407] send_request: summary_record
2023-09-25 15:17:30,812 INFO    SenderThread:24184 [sender.py:_save_file():1378] saving file wandb-summary.json with policy end
2023-09-25 15:17:30,813 DEBUG   SenderThread:24184 [sender.py:send():380] send: history
2023-09-25 15:17:30,814 DEBUG   SenderThread:24184 [sender.py:send_request():407] send_request: summary_record
2023-09-25 15:17:30,816 INFO    SenderThread:24184 [sender.py:_save_file():1378] saving file wandb-summary.json with policy end
2023-09-25 15:17:31,218 INFO    Thread-16 :24184 [dir_watcher.py:_on_file_modified():288] file/dir modified: c:\Users\calle\Desktop\Bachelor\robust-rl\cliff_car\wandb\run-20230925_151703-z1q3pbbb\files\output.log
2023-09-25 15:17:31,218 DEBUG   HandlerThread:24184 [handler.py:handle_request():144] handle_request: partial_history
2023-09-25 15:17:31,219 INFO    Thread-16 :24184 [dir_watcher.py:_on_file_modified():288] file/dir modified: c:\Users\calle\Desktop\Bachelor\robust-rl\cliff_car\wandb\run-20230925_151703-z1q3pbbb\files\wandb-summary.json
2023-09-25 15:17:31,220 DEBUG   HandlerThread:24184 [handler.py:handle_request():144] handle_request: partial_history
2023-09-25 15:17:31,222 DEBUG   SenderThread:24184 [sender.py:send():380] send: history
2023-09-25 15:17:31,224 DEBUG   HandlerThread:24184 [handler.py:handle_request():144] handle_request: partial_history
2023-09-25 15:17:31,225 DEBUG   SenderThread:24184 [sender.py:send_request():407] send_request: summary_record
2023-09-25 15:17:31,228 INFO    SenderThread:24184 [sender.py:_save_file():1378] saving file wandb-summary.json with policy end
2023-09-25 15:17:31,229 DEBUG   SenderThread:24184 [sender.py:send():380] send: history
2023-09-25 15:17:31,229 DEBUG   SenderThread:24184 [sender.py:send_request():407] send_request: summary_record
2023-09-25 15:17:31,231 INFO    SenderThread:24184 [sender.py:_save_file():1378] saving file wandb-summary.json with policy end
2023-09-25 15:17:31,232 DEBUG   SenderThread:24184 [sender.py:send():380] send: history
2023-09-25 15:17:31,232 DEBUG   SenderThread:24184 [sender.py:send_request():407] send_request: summary_record
2023-09-25 15:17:31,234 INFO    SenderThread:24184 [sender.py:_save_file():1378] saving file wandb-summary.json with policy end
2023-09-25 15:17:31,619 DEBUG   HandlerThread:24184 [handler.py:handle_request():144] handle_request: partial_history
2023-09-25 15:17:31,620 DEBUG   HandlerThread:24184 [handler.py:handle_request():144] handle_request: partial_history
2023-09-25 15:17:31,622 DEBUG   HandlerThread:24184 [handler.py:handle_request():144] handle_request: partial_history
2023-09-25 15:17:31,625 DEBUG   SenderThread:24184 [sender.py:send():380] send: history
2023-09-25 15:17:31,625 DEBUG   SenderThread:24184 [sender.py:send_request():407] send_request: summary_record
2023-09-25 15:17:31,627 INFO    SenderThread:24184 [sender.py:_save_file():1378] saving file wandb-summary.json with policy end
2023-09-25 15:17:31,628 DEBUG   SenderThread:24184 [sender.py:send():380] send: history
2023-09-25 15:17:31,629 DEBUG   SenderThread:24184 [sender.py:send_request():407] send_request: summary_record
2023-09-25 15:17:31,630 INFO    SenderThread:24184 [sender.py:_save_file():1378] saving file wandb-summary.json with policy end
2023-09-25 15:17:31,632 DEBUG   SenderThread:24184 [sender.py:send():380] send: history
2023-09-25 15:17:31,632 DEBUG   SenderThread:24184 [sender.py:send_request():407] send_request: summary_record
2023-09-25 15:17:31,633 INFO    SenderThread:24184 [sender.py:_save_file():1378] saving file wandb-summary.json with policy end
2023-09-25 15:17:32,015 DEBUG   HandlerThread:24184 [handler.py:handle_request():144] handle_request: partial_history
2023-09-25 15:17:32,017 DEBUG   HandlerThread:24184 [handler.py:handle_request():144] handle_request: partial_history
2023-09-25 15:17:32,018 DEBUG   HandlerThread:24184 [handler.py:handle_request():144] handle_request: partial_history
2023-09-25 15:17:32,019 DEBUG   SenderThread:24184 [sender.py:send():380] send: history
2023-09-25 15:17:32,021 DEBUG   SenderThread:24184 [sender.py:send_request():407] send_request: summary_record
2023-09-25 15:17:32,023 INFO    SenderThread:24184 [sender.py:_save_file():1378] saving file wandb-summary.json with policy end
2023-09-25 15:17:32,025 DEBUG   SenderThread:24184 [sender.py:send():380] send: history
2023-09-25 15:17:32,025 DEBUG   SenderThread:24184 [sender.py:send_request():407] send_request: summary_record
2023-09-25 15:17:32,026 INFO    SenderThread:24184 [sender.py:_save_file():1378] saving file wandb-summary.json with policy end
2023-09-25 15:17:32,028 DEBUG   SenderThread:24184 [sender.py:send():380] send: history
2023-09-25 15:17:32,028 DEBUG   SenderThread:24184 [sender.py:send_request():407] send_request: summary_record
2023-09-25 15:17:32,029 INFO    SenderThread:24184 [sender.py:_save_file():1378] saving file wandb-summary.json with policy end
2023-09-25 15:17:32,233 INFO    Thread-16 :24184 [dir_watcher.py:_on_file_modified():288] file/dir modified: c:\Users\calle\Desktop\Bachelor\robust-rl\cliff_car\wandb\run-20230925_151703-z1q3pbbb\files\wandb-summary.json
2023-09-25 15:17:32,462 DEBUG   HandlerThread:24184 [handler.py:handle_request():144] handle_request: partial_history
2023-09-25 15:17:32,463 DEBUG   HandlerThread:24184 [handler.py:handle_request():144] handle_request: partial_history
2023-09-25 15:17:32,465 DEBUG   HandlerThread:24184 [handler.py:handle_request():144] handle_request: partial_history
2023-09-25 15:17:32,466 DEBUG   SenderThread:24184 [sender.py:send():380] send: history
2023-09-25 15:17:32,468 DEBUG   SenderThread:24184 [sender.py:send_request():407] send_request: summary_record
2023-09-25 15:17:32,468 DEBUG   HandlerThread:24184 [handler.py:handle_request():144] handle_request: status_report
2023-09-25 15:17:32,470 INFO    SenderThread:24184 [sender.py:_save_file():1378] saving file wandb-summary.json with policy end
2023-09-25 15:17:32,472 DEBUG   SenderThread:24184 [sender.py:send():380] send: history
2023-09-25 15:17:32,472 DEBUG   SenderThread:24184 [sender.py:send_request():407] send_request: summary_record
2023-09-25 15:17:32,474 INFO    SenderThread:24184 [sender.py:_save_file():1378] saving file wandb-summary.json with policy end
2023-09-25 15:17:32,475 DEBUG   SenderThread:24184 [sender.py:send():380] send: history
2023-09-25 15:17:32,476 DEBUG   SenderThread:24184 [sender.py:send_request():407] send_request: summary_record
2023-09-25 15:17:32,477 INFO    SenderThread:24184 [sender.py:_save_file():1378] saving file wandb-summary.json with policy end
2023-09-25 15:17:32,952 DEBUG   HandlerThread:24184 [handler.py:handle_request():144] handle_request: partial_history
2023-09-25 15:17:32,953 DEBUG   HandlerThread:24184 [handler.py:handle_request():144] handle_request: partial_history
2023-09-25 15:17:32,954 DEBUG   HandlerThread:24184 [handler.py:handle_request():144] handle_request: partial_history
2023-09-25 15:17:32,957 DEBUG   SenderThread:24184 [sender.py:send():380] send: history
2023-09-25 15:17:32,957 DEBUG   SenderThread:24184 [sender.py:send_request():407] send_request: summary_record
2023-09-25 15:17:32,959 INFO    SenderThread:24184 [sender.py:_save_file():1378] saving file wandb-summary.json with policy end
2023-09-25 15:17:32,960 DEBUG   SenderThread:24184 [sender.py:send():380] send: history
2023-09-25 15:17:32,961 DEBUG   SenderThread:24184 [sender.py:send_request():407] send_request: summary_record
2023-09-25 15:17:32,962 INFO    SenderThread:24184 [sender.py:_save_file():1378] saving file wandb-summary.json with policy end
2023-09-25 15:17:32,963 DEBUG   SenderThread:24184 [sender.py:send():380] send: history
2023-09-25 15:17:32,964 DEBUG   SenderThread:24184 [sender.py:send_request():407] send_request: summary_record
2023-09-25 15:17:32,965 INFO    SenderThread:24184 [sender.py:_save_file():1378] saving file wandb-summary.json with policy end
2023-09-25 15:17:33,245 INFO    Thread-16 :24184 [dir_watcher.py:_on_file_modified():288] file/dir modified: c:\Users\calle\Desktop\Bachelor\robust-rl\cliff_car\wandb\run-20230925_151703-z1q3pbbb\files\output.log
2023-09-25 15:17:33,246 INFO    Thread-16 :24184 [dir_watcher.py:_on_file_modified():288] file/dir modified: c:\Users\calle\Desktop\Bachelor\robust-rl\cliff_car\wandb\run-20230925_151703-z1q3pbbb\files\wandb-summary.json
2023-09-25 15:17:33,382 DEBUG   HandlerThread:24184 [handler.py:handle_request():144] handle_request: partial_history
2023-09-25 15:17:33,383 DEBUG   HandlerThread:24184 [handler.py:handle_request():144] handle_request: partial_history
2023-09-25 15:17:33,384 DEBUG   HandlerThread:24184 [handler.py:handle_request():144] handle_request: partial_history
2023-09-25 15:17:33,385 DEBUG   SenderThread:24184 [sender.py:send():380] send: history
2023-09-25 15:17:33,388 DEBUG   SenderThread:24184 [sender.py:send_request():407] send_request: summary_record
2023-09-25 15:17:33,390 INFO    SenderThread:24184 [sender.py:_save_file():1378] saving file wandb-summary.json with policy end
2023-09-25 15:17:33,391 DEBUG   SenderThread:24184 [sender.py:send():380] send: history
2023-09-25 15:17:33,392 DEBUG   SenderThread:24184 [sender.py:send_request():407] send_request: summary_record
2023-09-25 15:17:33,393 INFO    SenderThread:24184 [sender.py:_save_file():1378] saving file wandb-summary.json with policy end
2023-09-25 15:17:33,394 DEBUG   SenderThread:24184 [sender.py:send():380] send: history
2023-09-25 15:17:33,395 DEBUG   SenderThread:24184 [sender.py:send_request():407] send_request: summary_record
2023-09-25 15:17:33,396 INFO    SenderThread:24184 [sender.py:_save_file():1378] saving file wandb-summary.json with policy end
2023-09-25 15:17:33,824 DEBUG   HandlerThread:24184 [handler.py:handle_request():144] handle_request: partial_history
2023-09-25 15:17:33,825 DEBUG   HandlerThread:24184 [handler.py:handle_request():144] handle_request: partial_history
2023-09-25 15:17:33,827 DEBUG   HandlerThread:24184 [handler.py:handle_request():144] handle_request: partial_history
2023-09-25 15:17:33,828 DEBUG   SenderThread:24184 [sender.py:send():380] send: history
2023-09-25 15:17:33,830 DEBUG   SenderThread:24184 [sender.py:send_request():407] send_request: summary_record
2023-09-25 15:17:33,832 INFO    SenderThread:24184 [sender.py:_save_file():1378] saving file wandb-summary.json with policy end
2023-09-25 15:17:33,833 DEBUG   SenderThread:24184 [sender.py:send():380] send: history
2023-09-25 15:17:33,833 DEBUG   SenderThread:24184 [sender.py:send_request():407] send_request: summary_record
2023-09-25 15:17:33,835 INFO    SenderThread:24184 [sender.py:_save_file():1378] saving file wandb-summary.json with policy end
2023-09-25 15:17:33,836 DEBUG   SenderThread:24184 [sender.py:send():380] send: history
2023-09-25 15:17:33,837 DEBUG   SenderThread:24184 [sender.py:send_request():407] send_request: summary_record
2023-09-25 15:17:33,839 INFO    SenderThread:24184 [sender.py:_save_file():1378] saving file wandb-summary.json with policy end
2023-09-25 15:17:34,257 INFO    Thread-16 :24184 [dir_watcher.py:_on_file_modified():288] file/dir modified: c:\Users\calle\Desktop\Bachelor\robust-rl\cliff_car\wandb\run-20230925_151703-z1q3pbbb\files\wandb-summary.json
2023-09-25 15:17:34,293 DEBUG   HandlerThread:24184 [handler.py:handle_request():144] handle_request: partial_history
2023-09-25 15:17:34,294 DEBUG   HandlerThread:24184 [handler.py:handle_request():144] handle_request: partial_history
2023-09-25 15:17:34,296 DEBUG   HandlerThread:24184 [handler.py:handle_request():144] handle_request: partial_history
2023-09-25 15:17:34,297 DEBUG   SenderThread:24184 [sender.py:send():380] send: history
2023-09-25 15:17:34,300 DEBUG   SenderThread:24184 [sender.py:send_request():407] send_request: summary_record
2023-09-25 15:17:34,302 INFO    SenderThread:24184 [sender.py:_save_file():1378] saving file wandb-summary.json with policy end
2023-09-25 15:17:34,304 DEBUG   SenderThread:24184 [sender.py:send():380] send: history
2023-09-25 15:17:34,305 DEBUG   SenderThread:24184 [sender.py:send_request():407] send_request: summary_record
2023-09-25 15:17:34,307 INFO    SenderThread:24184 [sender.py:_save_file():1378] saving file wandb-summary.json with policy end
2023-09-25 15:17:34,308 DEBUG   SenderThread:24184 [sender.py:send():380] send: history
2023-09-25 15:17:34,308 DEBUG   SenderThread:24184 [sender.py:send_request():407] send_request: summary_record
2023-09-25 15:17:34,310 INFO    SenderThread:24184 [sender.py:_save_file():1378] saving file wandb-summary.json with policy end
2023-09-25 15:17:34,709 DEBUG   HandlerThread:24184 [handler.py:handle_request():144] handle_request: partial_history
2023-09-25 15:17:34,710 DEBUG   HandlerThread:24184 [handler.py:handle_request():144] handle_request: partial_history
2023-09-25 15:17:34,711 DEBUG   HandlerThread:24184 [handler.py:handle_request():144] handle_request: partial_history
2023-09-25 15:17:34,713 DEBUG   SenderThread:24184 [sender.py:send():380] send: history
2023-09-25 15:17:34,717 DEBUG   SenderThread:24184 [sender.py:send_request():407] send_request: summary_record
2023-09-25 15:17:34,719 INFO    SenderThread:24184 [sender.py:_save_file():1378] saving file wandb-summary.json with policy end
2023-09-25 15:17:34,722 DEBUG   SenderThread:24184 [sender.py:send():380] send: history
2023-09-25 15:17:34,723 DEBUG   SenderThread:24184 [sender.py:send_request():407] send_request: summary_record
2023-09-25 15:17:34,725 INFO    SenderThread:24184 [sender.py:_save_file():1378] saving file wandb-summary.json with policy end
2023-09-25 15:17:34,726 DEBUG   SenderThread:24184 [sender.py:send():380] send: history
2023-09-25 15:17:34,727 DEBUG   SenderThread:24184 [sender.py:send_request():407] send_request: summary_record
2023-09-25 15:17:34,728 INFO    SenderThread:24184 [sender.py:_save_file():1378] saving file wandb-summary.json with policy end
2023-09-25 15:17:35,268 INFO    Thread-16 :24184 [dir_watcher.py:_on_file_modified():288] file/dir modified: c:\Users\calle\Desktop\Bachelor\robust-rl\cliff_car\wandb\run-20230925_151703-z1q3pbbb\files\output.log
2023-09-25 15:17:35,269 INFO    Thread-16 :24184 [dir_watcher.py:_on_file_modified():288] file/dir modified: c:\Users\calle\Desktop\Bachelor\robust-rl\cliff_car\wandb\run-20230925_151703-z1q3pbbb\files\wandb-summary.json
2023-09-25 15:17:36,286 INFO    Thread-16 :24184 [dir_watcher.py:_on_file_modified():288] file/dir modified: c:\Users\calle\Desktop\Bachelor\robust-rl\cliff_car\wandb\run-20230925_151703-z1q3pbbb\files\output.log
2023-09-25 15:17:37,869 DEBUG   HandlerThread:24184 [handler.py:handle_request():144] handle_request: status_report
2023-09-25 15:17:38,305 INFO    Thread-16 :24184 [dir_watcher.py:_on_file_modified():288] file/dir modified: c:\Users\calle\Desktop\Bachelor\robust-rl\cliff_car\wandb\run-20230925_151703-z1q3pbbb\files\output.log
2023-09-25 15:17:38,797 DEBUG   HandlerThread:24184 [handler.py:handle_request():144] handle_request: stop_status
2023-09-25 15:17:38,808 DEBUG   HandlerThread:24184 [handler.py:handle_request():144] handle_request: internal_messages
2023-09-25 15:17:43,843 DEBUG   HandlerThread:24184 [handler.py:handle_request():144] handle_request: keepalive
2023-09-25 15:17:48,893 DEBUG   HandlerThread:24184 [handler.py:handle_request():144] handle_request: keepalive
2023-09-25 15:17:52,687 WARNING FileStreamThread:24184 [file_stream.py:request_with_retry():668] requests_with_retry encountered retryable exception: ('Connection aborted.', RemoteDisconnected('Remote end closed connection without response')). func: functools.partial(<bound method Session.post of <requests.sessions.Session object at 0x000001A6BEC8E890>>, timeout=180), args: ('https://api.wandb.ai/files/fagprojekt/robust-rl-cliff-car/z1q3pbbb/file_stream',), kwargs: {'json': {'files': {'wandb-summary.json': {'offset': 0, 'content': ['{"score": 4.082857848114367, "_timestamp": 1695647849.8960757, "_runtime": 26.246513843536377, "_step": 28, "loss": 0.29698848724365234, "robust_estimator": 0.8602863550186157, "epsilon": 0.9894986666666667}']}, 'wandb-history.jsonl': {'offset': 17, 'content': ['{"loss": 0.38666754961013794, "_timestamp": 1695647848.4600997, "_runtime": 24.810537815093994, "_step": 17}', '{"robust_estimator": 0.9249759912490845, "_timestamp": 1695647848.4600997, "_runtime": 24.810537815093994, "_step": 18}', '{"epsilon": 0.9896866666666667, "_timestamp": 1695647848.4610996, "_runtime": 24.811537742614746, "_step": 19}', '{"loss": 0.4378258287906647, "_timestamp": 1695647848.9728534, "_runtime": 25.323291540145874, "_step": 20}', '{"robust_estimator": 0.965408444404602, "_timestamp": 1695647848.9758568, "_runtime": 25.326294898986816, "_step": 21}', '{"epsilon": 0.9896240000000001, "_timestamp": 1695647848.9758568, "_runtime": 25.326294898986816, "_step": 22}', '{"loss": 0.43263617157936096, "_timestamp": 1695647849.3870893, "_runtime": 25.73752737045288, "_step": 23}', '{"robust_estimator": 0.982745349407196, "_timestamp": 1695647849.3880908, "_runtime": 25.738528966903687, "_step": 24}', '{"epsilon": 0.9895613333333334, "_timestamp": 1695647849.3880908, "_runtime": 25.738528966903687, "_step": 25}', '{"loss": 0.29698848724365234, "_timestamp": 1695647849.8960757, "_runtime": 26.246513843536377, "_step": 26}', '{"robust_estimator": 0.8602863550186157, "_timestamp": 1695647849.8960757, "_runtime": 26.246513843536377, "_step": 27}', '{"epsilon": 0.9894986666666667, "_timestamp": 1695647849.8960757, "_runtime": 26.246513843536377, "_step": 28}']}, 'output.log': {'offset': 3, 'content': ['ERROR 2023-09-25T13:17:30.254717   0%|          | 8/30000 [00:05<4:36:10,  1.81it/s]\n']}}, 'dropped': 0}}
2023-09-25 15:17:53,842 DEBUG   HandlerThread:24184 [handler.py:handle_request():144] handle_request: internal_messages
2023-09-25 15:17:54,995 WARNING FileStreamThread:24184 [file_stream.py:request_with_retry():668] requests_with_retry encountered retryable exception: HTTPSConnectionPool(host='api.wandb.ai', port=443): Max retries exceeded with url: /files/fagprojekt/robust-rl-cliff-car/z1q3pbbb/file_stream (Caused by NameResolutionError("<urllib3.connection.HTTPSConnection object at 0x000001A6BEFA13F0>: Failed to resolve 'api.wandb.ai' ([Errno 11001] getaddrinfo failed)")). func: functools.partial(<bound method Session.post of <requests.sessions.Session object at 0x000001A6BEC8E890>>, timeout=180), args: ('https://api.wandb.ai/files/fagprojekt/robust-rl-cliff-car/z1q3pbbb/file_stream',), kwargs: {'json': {'files': {'wandb-summary.json': {'offset': 0, 'content': ['{"score": 4.082857848114367, "_timestamp": 1695647849.8960757, "_runtime": 26.246513843536377, "_step": 28, "loss": 0.29698848724365234, "robust_estimator": 0.8602863550186157, "epsilon": 0.9894986666666667}']}, 'wandb-history.jsonl': {'offset': 17, 'content': ['{"loss": 0.38666754961013794, "_timestamp": 1695647848.4600997, "_runtime": 24.810537815093994, "_step": 17}', '{"robust_estimator": 0.9249759912490845, "_timestamp": 1695647848.4600997, "_runtime": 24.810537815093994, "_step": 18}', '{"epsilon": 0.9896866666666667, "_timestamp": 1695647848.4610996, "_runtime": 24.811537742614746, "_step": 19}', '{"loss": 0.4378258287906647, "_timestamp": 1695647848.9728534, "_runtime": 25.323291540145874, "_step": 20}', '{"robust_estimator": 0.965408444404602, "_timestamp": 1695647848.9758568, "_runtime": 25.326294898986816, "_step": 21}', '{"epsilon": 0.9896240000000001, "_timestamp": 1695647848.9758568, "_runtime": 25.326294898986816, "_step": 22}', '{"loss": 0.43263617157936096, "_timestamp": 1695647849.3870893, "_runtime": 25.73752737045288, "_step": 23}', '{"robust_estimator": 0.982745349407196, "_timestamp": 1695647849.3880908, "_runtime": 25.738528966903687, "_step": 24}', '{"epsilon": 0.9895613333333334, "_timestamp": 1695647849.3880908, "_runtime": 25.738528966903687, "_step": 25}', '{"loss": 0.29698848724365234, "_timestamp": 1695647849.8960757, "_runtime": 26.246513843536377, "_step": 26}', '{"robust_estimator": 0.8602863550186157, "_timestamp": 1695647849.8960757, "_runtime": 26.246513843536377, "_step": 27}', '{"epsilon": 0.9894986666666667, "_timestamp": 1695647849.8960757, "_runtime": 26.246513843536377, "_step": 28}']}, 'output.log': {'offset': 3, 'content': ['ERROR 2023-09-25T13:17:30.254717   0%|          | 8/30000 [00:05<4:36:10,  1.81it/s]\n']}}, 'dropped': 0}}
2023-09-25 15:17:56,962 DEBUG   HandlerThread:24184 [handler.py:handle_request():144] handle_request: partial_history
2023-09-25 15:17:57,322 DEBUG   HandlerThread:24184 [handler.py:handle_request():144] handle_request: partial_history
2023-09-25 15:17:57,323 DEBUG   HandlerThread:24184 [handler.py:handle_request():144] handle_request: partial_history
2023-09-25 15:17:57,325 DEBUG   HandlerThread:24184 [handler.py:handle_request():144] handle_request: partial_history
2023-09-25 15:17:57,657 DEBUG   HandlerThread:24184 [handler.py:handle_request():144] handle_request: partial_history
2023-09-25 15:17:57,658 DEBUG   HandlerThread:24184 [handler.py:handle_request():144] handle_request: partial_history
2023-09-25 15:17:57,659 DEBUG   HandlerThread:24184 [handler.py:handle_request():144] handle_request: partial_history
2023-09-25 15:17:57,973 DEBUG   HandlerThread:24184 [handler.py:handle_request():144] handle_request: partial_history
2023-09-25 15:17:57,974 DEBUG   HandlerThread:24184 [handler.py:handle_request():144] handle_request: partial_history
2023-09-25 15:17:57,975 DEBUG   HandlerThread:24184 [handler.py:handle_request():144] handle_request: partial_history
2023-09-25 15:17:58,396 DEBUG   HandlerThread:24184 [handler.py:handle_request():144] handle_request: partial_history
2023-09-25 15:17:58,397 DEBUG   HandlerThread:24184 [handler.py:handle_request():144] handle_request: partial_history
2023-09-25 15:17:58,399 DEBUG   HandlerThread:24184 [handler.py:handle_request():144] handle_request: partial_history
2023-09-25 15:17:58,741 DEBUG   HandlerThread:24184 [handler.py:handle_request():144] handle_request: partial_history
2023-09-25 15:17:58,742 DEBUG   HandlerThread:24184 [handler.py:handle_request():144] handle_request: partial_history
2023-09-25 15:17:58,743 DEBUG   HandlerThread:24184 [handler.py:handle_request():144] handle_request: partial_history
2023-09-25 15:17:59,093 DEBUG   HandlerThread:24184 [handler.py:handle_request():144] handle_request: partial_history
2023-09-25 15:17:59,095 DEBUG   HandlerThread:24184 [handler.py:handle_request():144] handle_request: partial_history
2023-09-25 15:17:59,096 DEBUG   HandlerThread:24184 [handler.py:handle_request():144] handle_request: partial_history
2023-09-25 15:17:59,320 DEBUG   HandlerThread:24184 [handler.py:handle_request():144] handle_request: keepalive
2023-09-25 15:17:59,544 WARNING FileStreamThread:24184 [file_stream.py:request_with_retry():668] requests_with_retry encountered retryable exception: HTTPSConnectionPool(host='api.wandb.ai', port=443): Max retries exceeded with url: /files/fagprojekt/robust-rl-cliff-car/z1q3pbbb/file_stream (Caused by NameResolutionError("<urllib3.connection.HTTPSConnection object at 0x000001A6BEFA20E0>: Failed to resolve 'api.wandb.ai' ([Errno 11001] getaddrinfo failed)")). func: functools.partial(<bound method Session.post of <requests.sessions.Session object at 0x000001A6BEC8E890>>, timeout=180), args: ('https://api.wandb.ai/files/fagprojekt/robust-rl-cliff-car/z1q3pbbb/file_stream',), kwargs: {'json': {'files': {'wandb-summary.json': {'offset': 0, 'content': ['{"score": 4.082857848114367, "_timestamp": 1695647849.8960757, "_runtime": 26.246513843536377, "_step": 28, "loss": 0.29698848724365234, "robust_estimator": 0.8602863550186157, "epsilon": 0.9894986666666667}']}, 'wandb-history.jsonl': {'offset': 17, 'content': ['{"loss": 0.38666754961013794, "_timestamp": 1695647848.4600997, "_runtime": 24.810537815093994, "_step": 17}', '{"robust_estimator": 0.9249759912490845, "_timestamp": 1695647848.4600997, "_runtime": 24.810537815093994, "_step": 18}', '{"epsilon": 0.9896866666666667, "_timestamp": 1695647848.4610996, "_runtime": 24.811537742614746, "_step": 19}', '{"loss": 0.4378258287906647, "_timestamp": 1695647848.9728534, "_runtime": 25.323291540145874, "_step": 20}', '{"robust_estimator": 0.965408444404602, "_timestamp": 1695647848.9758568, "_runtime": 25.326294898986816, "_step": 21}', '{"epsilon": 0.9896240000000001, "_timestamp": 1695647848.9758568, "_runtime": 25.326294898986816, "_step": 22}', '{"loss": 0.43263617157936096, "_timestamp": 1695647849.3870893, "_runtime": 25.73752737045288, "_step": 23}', '{"robust_estimator": 0.982745349407196, "_timestamp": 1695647849.3880908, "_runtime": 25.738528966903687, "_step": 24}', '{"epsilon": 0.9895613333333334, "_timestamp": 1695647849.3880908, "_runtime": 25.738528966903687, "_step": 25}', '{"loss": 0.29698848724365234, "_timestamp": 1695647849.8960757, "_runtime": 26.246513843536377, "_step": 26}', '{"robust_estimator": 0.8602863550186157, "_timestamp": 1695647849.8960757, "_runtime": 26.246513843536377, "_step": 27}', '{"epsilon": 0.9894986666666667, "_timestamp": 1695647849.8960757, "_runtime": 26.246513843536377, "_step": 28}']}, 'output.log': {'offset': 3, 'content': ['ERROR 2023-09-25T13:17:30.254717   0%|          | 8/30000 [00:05<4:36:10,  1.81it/s]\n']}}, 'dropped': 0}}
2023-09-25 15:17:59,629 DEBUG   HandlerThread:24184 [handler.py:handle_request():144] handle_request: partial_history
2023-09-25 15:17:59,630 DEBUG   HandlerThread:24184 [handler.py:handle_request():144] handle_request: partial_history
2023-09-25 15:17:59,632 DEBUG   HandlerThread:24184 [handler.py:handle_request():144] handle_request: partial_history
2023-09-25 15:18:00,041 DEBUG   HandlerThread:24184 [handler.py:handle_request():144] handle_request: partial_history
2023-09-25 15:18:00,042 DEBUG   HandlerThread:24184 [handler.py:handle_request():144] handle_request: partial_history
2023-09-25 15:18:00,043 DEBUG   HandlerThread:24184 [handler.py:handle_request():144] handle_request: partial_history
2023-09-25 15:18:00,399 DEBUG   HandlerThread:24184 [handler.py:handle_request():144] handle_request: partial_history
2023-09-25 15:18:00,401 DEBUG   HandlerThread:24184 [handler.py:handle_request():144] handle_request: partial_history
2023-09-25 15:18:00,402 DEBUG   HandlerThread:24184 [handler.py:handle_request():144] handle_request: partial_history
2023-09-25 15:18:00,738 DEBUG   HandlerThread:24184 [handler.py:handle_request():144] handle_request: partial_history
2023-09-25 15:18:00,739 DEBUG   HandlerThread:24184 [handler.py:handle_request():144] handle_request: partial_history
2023-09-25 15:18:00,740 DEBUG   HandlerThread:24184 [handler.py:handle_request():144] handle_request: partial_history
2023-09-25 15:18:01,082 DEBUG   HandlerThread:24184 [handler.py:handle_request():144] handle_request: partial_history
2023-09-25 15:18:01,084 DEBUG   HandlerThread:24184 [handler.py:handle_request():144] handle_request: partial_history
2023-09-25 15:18:01,085 DEBUG   HandlerThread:24184 [handler.py:handle_request():144] handle_request: partial_history
2023-09-25 15:18:01,238 INFO    SenderThread:24184 [retry.py:__call__():172] Retry attempt failed:
Traceback (most recent call last):
  File "C:\Users\calle\anaconda3\envs\bachelor\lib\site-packages\urllib3\connection.py", line 203, in _new_conn
    sock = connection.create_connection(
  File "C:\Users\calle\anaconda3\envs\bachelor\lib\site-packages\urllib3\util\connection.py", line 60, in create_connection
    for res in socket.getaddrinfo(host, port, family, socket.SOCK_STREAM):
  File "C:\Users\calle\anaconda3\envs\bachelor\lib\socket.py", line 955, in getaddrinfo
    for res in _socket.getaddrinfo(host, port, family, type, proto, flags):
socket.gaierror: [Errno 11001] getaddrinfo failed

The above exception was the direct cause of the following exception:

Traceback (most recent call last):
  File "C:\Users\calle\anaconda3\envs\bachelor\lib\site-packages\urllib3\connectionpool.py", line 790, in urlopen
    response = self._make_request(
  File "C:\Users\calle\anaconda3\envs\bachelor\lib\site-packages\urllib3\connectionpool.py", line 491, in _make_request
    raise new_e
  File "C:\Users\calle\anaconda3\envs\bachelor\lib\site-packages\urllib3\connectionpool.py", line 467, in _make_request
    self._validate_conn(conn)
  File "C:\Users\calle\anaconda3\envs\bachelor\lib\site-packages\urllib3\connectionpool.py", line 1092, in _validate_conn
    conn.connect()
  File "C:\Users\calle\anaconda3\envs\bachelor\lib\site-packages\urllib3\connection.py", line 611, in connect
    self.sock = sock = self._new_conn()
  File "C:\Users\calle\anaconda3\envs\bachelor\lib\site-packages\urllib3\connection.py", line 210, in _new_conn
    raise NameResolutionError(self.host, self, e) from e
urllib3.exceptions.NameResolutionError: <urllib3.connection.HTTPSConnection object at 0x000001A6BEFA27D0>: Failed to resolve 'api.wandb.ai' ([Errno 11001] getaddrinfo failed)

The above exception was the direct cause of the following exception:

Traceback (most recent call last):
  File "C:\Users\calle\anaconda3\envs\bachelor\lib\site-packages\requests\adapters.py", line 486, in send
    resp = conn.urlopen(
  File "C:\Users\calle\anaconda3\envs\bachelor\lib\site-packages\urllib3\connectionpool.py", line 844, in urlopen
    retries = retries.increment(
  File "C:\Users\calle\anaconda3\envs\bachelor\lib\site-packages\urllib3\util\retry.py", line 515, in increment
    raise MaxRetryError(_pool, url, reason) from reason  # type: ignore[arg-type]
urllib3.exceptions.MaxRetryError: HTTPSConnectionPool(host='api.wandb.ai', port=443): Max retries exceeded with url: /graphql (Caused by NameResolutionError("<urllib3.connection.HTTPSConnection object at 0x000001A6BEFA27D0>: Failed to resolve 'api.wandb.ai' ([Errno 11001] getaddrinfo failed)"))

During handling of the above exception, another exception occurred:

Traceback (most recent call last):
  File "C:\Users\calle\anaconda3\envs\bachelor\lib\site-packages\wandb\sdk\lib\retry.py", line 131, in __call__
    result = self._call_fn(*args, **kwargs)
  File "C:\Users\calle\anaconda3\envs\bachelor\lib\site-packages\wandb\sdk\internal\internal_api.py", line 366, in execute
    return self.client.execute(*args, **kwargs)  # type: ignore
  File "C:\Users\calle\anaconda3\envs\bachelor\lib\site-packages\wandb\vendor\gql-0.2.0\wandb_gql\client.py", line 52, in execute
    result = self._get_result(document, *args, **kwargs)
  File "C:\Users\calle\anaconda3\envs\bachelor\lib\site-packages\wandb\vendor\gql-0.2.0\wandb_gql\client.py", line 60, in _get_result
    return self.transport.execute(document, *args, **kwargs)
  File "C:\Users\calle\anaconda3\envs\bachelor\lib\site-packages\wandb\sdk\lib\gql_request.py", line 58, in execute
    request = self.session.post(self.url, **post_args)
  File "C:\Users\calle\anaconda3\envs\bachelor\lib\site-packages\requests\sessions.py", line 637, in post
    return self.request("POST", url, data=data, json=json, **kwargs)
  File "C:\Users\calle\anaconda3\envs\bachelor\lib\site-packages\requests\sessions.py", line 589, in request
    resp = self.send(prep, **send_kwargs)
  File "C:\Users\calle\anaconda3\envs\bachelor\lib\site-packages\requests\sessions.py", line 703, in send
    r = adapter.send(request, **kwargs)
  File "C:\Users\calle\anaconda3\envs\bachelor\lib\site-packages\requests\adapters.py", line 519, in send
    raise ConnectionError(e, request=request)
requests.exceptions.ConnectionError: HTTPSConnectionPool(host='api.wandb.ai', port=443): Max retries exceeded with url: /graphql (Caused by NameResolutionError("<urllib3.connection.HTTPSConnection object at 0x000001A6BEFA27D0>: Failed to resolve 'api.wandb.ai' ([Errno 11001] getaddrinfo failed)"))
2023-09-25 15:18:01,451 DEBUG   HandlerThread:24184 [handler.py:handle_request():144] handle_request: partial_history
2023-09-25 15:18:01,452 DEBUG   HandlerThread:24184 [handler.py:handle_request():144] handle_request: partial_history
2023-09-25 15:18:01,454 DEBUG   HandlerThread:24184 [handler.py:handle_request():144] handle_request: partial_history
2023-09-25 15:18:01,456 DEBUG   HandlerThread:24184 [handler.py:handle_request():144] handle_request: partial_history
2023-09-25 15:18:01,842 DEBUG   HandlerThread:24184 [handler.py:handle_request():144] handle_request: partial_history
2023-09-25 15:18:01,843 DEBUG   HandlerThread:24184 [handler.py:handle_request():144] handle_request: partial_history
2023-09-25 15:18:01,845 DEBUG   HandlerThread:24184 [handler.py:handle_request():144] handle_request: partial_history
2023-09-25 15:18:02,225 DEBUG   HandlerThread:24184 [handler.py:handle_request():144] handle_request: partial_history
2023-09-25 15:18:02,227 DEBUG   HandlerThread:24184 [handler.py:handle_request():144] handle_request: partial_history
2023-09-25 15:18:02,228 DEBUG   HandlerThread:24184 [handler.py:handle_request():144] handle_request: partial_history
2023-09-25 15:18:02,590 DEBUG   HandlerThread:24184 [handler.py:handle_request():144] handle_request: partial_history
2023-09-25 15:18:02,591 DEBUG   HandlerThread:24184 [handler.py:handle_request():144] handle_request: partial_history
2023-09-25 15:18:02,592 DEBUG   HandlerThread:24184 [handler.py:handle_request():144] handle_request: partial_history
2023-09-25 15:18:02,595 DEBUG   HandlerThread:24184 [handler.py:handle_request():144] handle_request: partial_history
2023-09-25 15:18:02,992 DEBUG   HandlerThread:24184 [handler.py:handle_request():144] handle_request: partial_history
2023-09-25 15:18:02,993 DEBUG   HandlerThread:24184 [handler.py:handle_request():144] handle_request: partial_history
2023-09-25 15:18:02,994 DEBUG   HandlerThread:24184 [handler.py:handle_request():144] handle_request: partial_history
2023-09-25 15:18:03,338 DEBUG   HandlerThread:24184 [handler.py:handle_request():144] handle_request: partial_history
2023-09-25 15:18:03,339 DEBUG   HandlerThread:24184 [handler.py:handle_request():144] handle_request: partial_history
2023-09-25 15:18:03,341 DEBUG   HandlerThread:24184 [handler.py:handle_request():144] handle_request: partial_history
2023-09-25 15:18:03,667 DEBUG   HandlerThread:24184 [handler.py:handle_request():144] handle_request: partial_history
2023-09-25 15:18:03,668 DEBUG   HandlerThread:24184 [handler.py:handle_request():144] handle_request: partial_history
2023-09-25 15:18:03,669 DEBUG   HandlerThread:24184 [handler.py:handle_request():144] handle_request: partial_history
2023-09-25 15:18:04,008 DEBUG   HandlerThread:24184 [handler.py:handle_request():144] handle_request: partial_history
2023-09-25 15:18:04,010 DEBUG   HandlerThread:24184 [handler.py:handle_request():144] handle_request: partial_history
2023-09-25 15:18:04,011 DEBUG   HandlerThread:24184 [handler.py:handle_request():144] handle_request: partial_history
2023-09-25 15:18:04,335 DEBUG   HandlerThread:24184 [handler.py:handle_request():144] handle_request: keepalive
2023-09-25 15:18:04,365 DEBUG   HandlerThread:24184 [handler.py:handle_request():144] handle_request: partial_history
2023-09-25 15:18:04,366 DEBUG   HandlerThread:24184 [handler.py:handle_request():144] handle_request: partial_history
2023-09-25 15:18:04,367 DEBUG   HandlerThread:24184 [handler.py:handle_request():144] handle_request: partial_history
2023-09-25 15:18:08,214 WARNING FileStreamThread:24184 [file_stream.py:request_with_retry():668] requests_with_retry encountered retryable exception: HTTPSConnectionPool(host='api.wandb.ai', port=443): Max retries exceeded with url: /files/fagprojekt/robust-rl-cliff-car/z1q3pbbb/file_stream (Caused by NameResolutionError("<urllib3.connection.HTTPSConnection object at 0x000001A6BEFA1090>: Failed to resolve 'api.wandb.ai' ([Errno 11001] getaddrinfo failed)")). func: functools.partial(<bound method Session.post of <requests.sessions.Session object at 0x000001A6BEC8E890>>, timeout=180), args: ('https://api.wandb.ai/files/fagprojekt/robust-rl-cliff-car/z1q3pbbb/file_stream',), kwargs: {'json': {'files': {'wandb-summary.json': {'offset': 0, 'content': ['{"score": 4.082857848114367, "_timestamp": 1695647849.8960757, "_runtime": 26.246513843536377, "_step": 28, "loss": 0.29698848724365234, "robust_estimator": 0.8602863550186157, "epsilon": 0.9894986666666667}']}, 'wandb-history.jsonl': {'offset': 17, 'content': ['{"loss": 0.38666754961013794, "_timestamp": 1695647848.4600997, "_runtime": 24.810537815093994, "_step": 17}', '{"robust_estimator": 0.9249759912490845, "_timestamp": 1695647848.4600997, "_runtime": 24.810537815093994, "_step": 18}', '{"epsilon": 0.9896866666666667, "_timestamp": 1695647848.4610996, "_runtime": 24.811537742614746, "_step": 19}', '{"loss": 0.4378258287906647, "_timestamp": 1695647848.9728534, "_runtime": 25.323291540145874, "_step": 20}', '{"robust_estimator": 0.965408444404602, "_timestamp": 1695647848.9758568, "_runtime": 25.326294898986816, "_step": 21}', '{"epsilon": 0.9896240000000001, "_timestamp": 1695647848.9758568, "_runtime": 25.326294898986816, "_step": 22}', '{"loss": 0.43263617157936096, "_timestamp": 1695647849.3870893, "_runtime": 25.73752737045288, "_step": 23}', '{"robust_estimator": 0.982745349407196, "_timestamp": 1695647849.3880908, "_runtime": 25.738528966903687, "_step": 24}', '{"epsilon": 0.9895613333333334, "_timestamp": 1695647849.3880908, "_runtime": 25.738528966903687, "_step": 25}', '{"loss": 0.29698848724365234, "_timestamp": 1695647849.8960757, "_runtime": 26.246513843536377, "_step": 26}', '{"robust_estimator": 0.8602863550186157, "_timestamp": 1695647849.8960757, "_runtime": 26.246513843536377, "_step": 27}', '{"epsilon": 0.9894986666666667, "_timestamp": 1695647849.8960757, "_runtime": 26.246513843536377, "_step": 28}']}, 'output.log': {'offset': 3, 'content': ['ERROR 2023-09-25T13:17:30.254717   0%|          | 8/30000 [00:05<4:36:10,  1.81it/s]\n']}}, 'dropped': 0}}
2023-09-25 15:18:08,860 DEBUG   HandlerThread:24184 [handler.py:handle_request():144] handle_request: internal_messages
2023-09-25 15:18:14,341 DEBUG   HandlerThread:24184 [handler.py:handle_request():144] handle_request: keepalive
